[2025/05/24 18:55:14]: §9          __             _       
[2025/05/24 18:55:14]: §9  _ __   / /  ___   __ _(_)_ __  
[2025/05/24 18:55:14]: §9 | '_ \ / /  / _ \ / _` | | '_ \ 
[2025/05/24 18:55:14]: §9 | | | / /__| (_) | (_| | | | | |
[2025/05/24 18:55:14]: §9 |_| |_\____/\___/ \__, |_|_| |_|
[2025/05/24 18:55:14]: §9                  |___/            
[2025/05/24 18:55:14]: §9 By: www.nickuc.com - V 10.4.23 DEVELOPMENT
[2025/05/24 18:55:14]: §9 
[2025/05/24 18:55:14]: §3[nLogin] [DEBUG] All settings were loaded in 104 ms.
[2025/05/24 18:55:14]: §3[nLogin] [DEBUG] Loading the messages_es.yml message file...
[2025/05/24 18:55:14]: §3[nLogin] [DEBUG] All plugin messages were loaded in 47 ms (languageByClient=false).
[2025/05/24 18:55:14]: §3[nLogin] [DEBUG] All proxy settings were loaded in 2 ms.
[2025/05/24 18:55:14]: §3[nLogin] [DEBUG] Loading database...
[2025/05/24 18:55:14]: §3[nLogin] [DEBUG] Starting logger filter...
[2025/05/24 18:56:45]: §3[nLogin] [DEBUG] [SQLite] [UPDATE]: "UPDATE `nlogin` SET `last_name` = 'ItsSoulTime', `unique_id` = 9f68d785ad113babbb36393a7edbfffb,  `mojang_id` = null,  `bedrock_id` = null,  `password` = '$2a$10$P9FOa7vlbP7b.CBkAyh9dulG1IPgQy5itz1nEYnwkVOXlRxPJlZwu', `last_ip` = '127.207.40.132', `creation_date` = 2025-05-24 16:04:49.655, `last_seen` = 2025-05-24 18:56:45.952, `email` = null, `discord` = null, `settings` = '{"settings":[{"value":"es","key":"language"}],"version":0}' WHERE `ai` = 1" (applied to [last_ip, last_seen, settings] columns)
[2025/05/24 18:56:45]: [nLogin] The user ItsSoulTime has successfully logged in.
[2025/05/24 19:02:16]: §3[nLogin] [DEBUG] [SQLite] [UPDATE]: "INSERT INTO `nlogin` (`last_name`, `unique_id`, `mojang_id`, `bedrock_id`, `password`, `last_ip`, `creation_date`, `last_seen`, `email`, `discord`, `settings`) VALUES ('.ElGatogamer7940', null, null, 0000000000000000000901f8a122ccd5, null, '127.0.0.1', '2025-05-24 19:02:16.612', '2025-05-24 19:02:16.612', null, null, '{"settings":[{"value":true,"key":"force-register-commands"},{"value":true,"key":"force-register-spawn"}],"version":0}')" (applied to all columns)
[2025/05/24 19:04:12]: §3[nLogin] [DEBUG] [ProtocolLib] com.comphenix.protocol.injector.temporary.TemporaryPlayerInvocationHandler@53f0f66 has been disconnected: Invalid state for Bedrock, please rejoin
[2025/05/24 19:05:57]: §3[nLogin] [DEBUG] [SQLite] [UPDATE]: "UPDATE `nlogin` SET `last_name` = 'ItsSoulTime', `unique_id` = 9f68d785ad113babbb36393a7edbfffb,  `mojang_id` = null,  `bedrock_id` = null,  `password` = '$2a$10$P9FOa7vlbP7b.CBkAyh9dulG1IPgQy5itz1nEYnwkVOXlRxPJlZwu', `last_ip` = '127.207.40.132', `creation_date` = 2025-05-24 16:04:49.655, `last_seen` = 2025-05-24 19:05:57.295, `email` = null, `discord` = null, `settings` = '{"settings":[{"value":"es","key":"language"}],"version":0}' WHERE `ai` = 1" (applied to [last_seen, settings] columns)
[2025/05/24 19:06:06]: [nLogin] Successful plugin core shutdown (took 0.00s)
