[21/05/2025 17:52:08] ItsSoulTime won Iron Ingot (ID: iron_ingot, Weight: 10.0) from Diaria Crate (ID: diaria)
[21/05/2025 17:52:22] ItsSoulTime won Iron Ingot (ID: iron_ingot, Weight: 10.0) from Diaria Crate (ID: diaria)
[21/05/2025 17:52:27] ItsSoulTime won Iron Ingot (ID: iron_ingot, Weight: 10.0) from Diaria Crate (ID: diaria)
[21/05/2025 17:54:09] ItsSoulTime won Gold Ingot (ID: gold_ingot, Weight: 10.0) from Diaria Crate (ID: diaria)
[21/05/2025 17:54:29] ItsSoulTime won Gold Ingot (ID: gold_ingot, Weight: 10.0) from Diaria Crate (ID: diaria)
[21/05/2025 17:56:03] ItsSoulTime won Gold Ingot (ID: gold_ingot, Weight: 10.0) from Diaria Crate (ID: diaria)
[21/05/2025 17:56:41] ItsSoulTime won Gold Ingot (ID: gold_ingot, Weight: 10.0) from Diaria Crate (ID: diaria)
[21/05/2025 18:00:08] ItsSoulTime won Copper Ingot (ID: copper_ingot, Weight: 20.0) from Diaria Crate (ID: diaria)
[21/05/2025 18:05:33] ItsSoulTime won Gold Ingot (ID: gold_ingot, Weight: 5.0) from Diaria Crate (ID: diaria)
[21/05/2025 18:05:38] ItsSoulTime won Iron Ingot (ID: iron_ingot, Weight: 15.0) from Diaria Crate (ID: diaria)
[21/05/2025 18:05:40] ItsSoulTime won Copper Ingot (ID: copper_ingot, Weight: 20.0) from Diaria Crate (ID: diaria)
[21/05/2025 18:05:41] ItsSoulTime won Gold Ingot (ID: gold_ingot, Weight: 5.0) from Diaria Crate (ID: diaria)
[21/05/2025 18:06:35] ItsSoulTime won Iron Ingot (ID: iron_ingot, Weight: 15.0) from Diaria Crate (ID: diaria)
[21/05/2025 18:19:00] ItsSoulTime won Copper Ingot (ID: copper_ingot, Weight: 20.0) from Diaria Crate (ID: diaria)
[21/05/2025 21:24:10] ItsSoulTime won Iron Ingot (ID: iron_ingot, Weight: 15.0) from Diaria Crate (ID: diaria)
[21/05/2025 21:31:59] ItsSoulTime won Netherite Ingot (ID: netherite_ingot, Weight: 29.0) from Semanal Crate Crate (ID: semanal_crate)
[21/05/2025 21:33:07] ItsSoulTime won Emerald (ID: emerald, Weight: 60.0) from Semanal Crate (ID: semanal_crate)
[21/05/2025 21:33:25] ItsSoulTime won Diamond (ID: diamond, Weight: 40.0) from Semanal Crate (ID: semanal_crate)
[21/05/2025 21:33:28] ItsSoulTime won Netherite Ingot (ID: netherite_ingot, Weight: 29.0) from Semanal Crate (ID: semanal_crate)
[21/05/2025 21:33:29] ItsSoulTime won Netherite Scrap (ID: netherite_scrap, Weight: 35.0) from Semanal Crate (ID: semanal_crate)
[21/05/2025 21:33:30] ItsSoulTime won Diamond (ID: diamond, Weight: 40.0) from Semanal Crate (ID: semanal_crate)
[21/05/2025 21:33:31] ItsSoulTime won Nether Star (ID: nether_star, Weight: 5.0) from Semanal Crate (ID: semanal_crate)
[21/05/2025 21:43:40] ItsSoulTime won Lapis Lazuli (ID: lapis_lazuli, Weight: 10.0) from Rara Crate (ID: rara)
[21/05/2025 21:44:43] ItsSoulTime won Raw Gold (ID: raw_gold, Weight: 10.0) from Rara Crate (ID: rara)
[21/05/2025 21:45:00] ItsSoulTime won Wheat (ID: wheat, Weight: 10.0) from Rara Crate (ID: rara)
[21/05/2025 21:45:04] ItsSoulTime won Wheat (ID: wheat, Weight: 10.0) from Rara Crate (ID: rara)
[21/05/2025 21:45:05] ItsSoulTime won Raw Gold (ID: raw_gold, Weight: 10.0) from Rara Crate (ID: rara)
[21/05/2025 21:45:06] ItsSoulTime won Lapis Lazuli (ID: lapis_lazuli, Weight: 10.0) from Rara Crate (ID: rara)
[21/05/2025 21:45:07] ItsSoulTime won Lapis Lazuli (ID: lapis_lazuli, Weight: 10.0) from Rara Crate (ID: rara)
[21/05/2025 21:46:30] ItsSoulTime won Copper Ingot (ID: copper_ingot, Weight: 20.0) from Diaria Crate (ID: diaria)
[21/05/2025 21:46:31] ItsSoulTime won Iron Ingot (ID: iron_ingot, Weight: 15.0) from Diaria Crate (ID: diaria)
[21/05/2025 21:46:32] ItsSoulTime won Copper Ingot (ID: copper_ingot, Weight: 20.0) from Diaria Crate (ID: diaria)
[21/05/2025 21:46:33] ItsSoulTime won Copper Ingot (ID: copper_ingot, Weight: 20.0) from Diaria Crate (ID: diaria)
[21/05/2025 21:46:34] ItsSoulTime won Iron Ingot (ID: iron_ingot, Weight: 15.0) from Diaria Crate (ID: diaria)
[21/05/2025 21:54:54] ItsSoulTime won Diamond Chestplate (ID: diamond_chestplate, Weight: 10.0) from Epica Crate (ID: epica)
[21/05/2025 21:55:13] ItsSoulTime won Diamond Helmet (ID: diamond_helmet, Weight: 10.0) from Epica Crate (ID: epica)
[21/05/2025 21:57:21] ItsSoulTime won Diamond Helmet (ID: diamond_helmet, Weight: 10.0) from Epica Crate (ID: epica)
[21/05/2025 21:57:39] ItsSoulTime won Diamond Chestplate (ID: diamond_chestplate, Weight: 10.0) from Epica Crate (ID: epica)
[21/05/2025 21:57:43] ItsSoulTime won Diamond Leggings (ID: diamond_leggings, Weight: 10.0) from Epica Crate (ID: epica)
[21/05/2025 21:57:44] ItsSoulTime won Diamond Helmet (ID: diamond_helmet, Weight: 10.0) from Epica Crate (ID: epica)
[21/05/2025 21:57:44] ItsSoulTime won Diamond Chestplate (ID: diamond_chestplate, Weight: 10.0) from Epica Crate (ID: epica)
[21/05/2025 21:57:45] ItsSoulTime won Golden Sword (ID: golden_sword, Weight: 15.0) from Epica Crate (ID: epica)
[21/05/2025 21:57:47] ItsSoulTime won Diamond Helmet (ID: diamond_helmet, Weight: 10.0) from Epica Crate (ID: epica)
[21/05/2025 21:57:48] ItsSoulTime won Diamond Chestplate (ID: diamond_chestplate, Weight: 10.0) from Epica Crate (ID: epica)
[21/05/2025 22:02:54] ItsSoulTime won Diamond Horse Armour (ID: diamond_horse_armour, Weight: 10.0) from Legendaria Crate (ID: legendaria)
[21/05/2025 22:02:58] ItsSoulTime won Firework Rocket (ID: firework_rocket, Weight: 10.0) from Legendaria Crate (ID: legendaria)
[21/05/2025 22:02:58] ItsSoulTime won Turtle Shell (ID: turtle_shell, Weight: 10.0) from Legendaria Crate (ID: legendaria)
[21/05/2025 22:02:59] ItsSoulTime won Turtle Shell (ID: turtle_shell, Weight: 10.0) from Legendaria Crate (ID: legendaria)
[21/05/2025 22:03:00] ItsSoulTime won Turtle Shell (ID: turtle_shell, Weight: 10.0) from Legendaria Crate (ID: legendaria)
[21/05/2025 22:03:01] ItsSoulTime won Wolf Armour (ID: wolf_armour, Weight: 10.0) from Legendaria Crate (ID: legendaria)
[21/05/2025 22:03:02] ItsSoulTime won Turtle Shell (ID: turtle_shell, Weight: 10.0) from Legendaria Crate (ID: legendaria)
[21/05/2025 22:03:03] ItsSoulTime won Firework Rocket (ID: firework_rocket, Weight: 10.0) from Legendaria Crate (ID: legendaria)
[21/05/2025 22:03:04] ItsSoulTime won Firework Rocket (ID: firework_rocket, Weight: 10.0) from Legendaria Crate (ID: legendaria)
[21/05/2025 22:03:05] ItsSoulTime won Shield (ID: shield, Weight: 10.0) from Legendaria Crate (ID: legendaria)
[24/05/2025 15:11:20] ItsSoulTime won Netherite Ingot (ID: netherite_ingot, Weight: 10.0) from Diaria Crate (ID: diaria)
[24/05/2025 15:11:52] ItsSoulTime won Jacket Potato (ID: jacket_potato, Weight: 10.0) from Diaria Crate (ID: diaria)
[24/05/2025 15:12:18] ItsSoulTime won Jacket Potato (ID: jacket_potato, Weight: 10.0) from Diaria Crate (ID: diaria)
[24/05/2025 15:12:41] ItsSoulTime won Golden Apple (ID: golden_apple, Weight: 10.0) from Diaria Crate (ID: diaria)
[24/05/2025 15:13:04] ItsSoulTime won Ominous Bottle (ID: ominous_bottle_2, Weight: 10.0) from Diaria Crate (ID: diaria)
[24/05/2025 15:13:36] ItsSoulTime won Jacket Potato (ID: jacket_potato, Weight: 10.0) from Diaria Crate (ID: diaria)
[24/05/2025 15:14:08] ItsSoulTime won Ominous Bottle (ID: ominous_bottle_1, Weight: 10.0) from Diaria Crate (ID: diaria)
[24/05/2025 15:14:08] ItsSoulTime won Iron Ingot (ID: iron_ingot, Weight: 10.0) from Diaria Crate (ID: diaria)
[24/05/2025 15:14:08] ItsSoulTime won Cooked Porkchop (ID: cooked_porkchop, Weight: 10.0) from Diaria Crate (ID: diaria)
[24/05/2025 15:14:49] ItsSoulTime won Jacket Potato (ID: jacket_potato, Weight: 10.0) from Diaria Crate (ID: diaria)
[24/05/2025 15:14:58] ItsSoulTime won Fragmento de cristal extraño (ID: fragmento_de_cristal_extrao, Weight: 10.0) from Diaria Crate (ID: diaria)
[24/05/2025 15:15:04] ItsSoulTime won Iron Ingot (ID: iron_ingot, Weight: 10.0) from Diaria Crate (ID: diaria)
[24/05/2025 15:15:09] ItsSoulTime won Emerald (ID: emerald, Weight: 10.0) from Diaria Crate (ID: diaria)
[24/05/2025 15:15:15] ItsSoulTime won Ominous Bottle (ID: ominous_bottle_2, Weight: 10.0) from Diaria Crate (ID: diaria)
[24/05/2025 15:15:21] ItsSoulTime won Ominous Bottle (ID: ominous_bottle, Weight: 10.0) from Diaria Crate (ID: diaria)
[24/05/2025 15:27:26] ItsSoulTime won Diamond (ID: diamond, Weight: 90.0) from Diaria Crate (ID: diaria)
[24/05/2025 15:27:45] ItsSoulTime won Ominous Bottle (ID: ominous_bottle_1, Weight: 84.0) from Diaria Crate (ID: diaria)
[24/05/2025 15:28:04] ItsSoulTime won Wind Charge (ID: wind_charge, Weight: 80.0) from Diaria Crate (ID: diaria)
[24/05/2025 15:28:25] ItsSoulTime won Golden Apple (ID: golden_apple, Weight: 90.0) from Diaria Crate (ID: diaria)
[24/05/2025 15:28:43] ItsSoulTime won Totem of Undying (ID: totem_of_undying, Weight: 77.0) from Diaria Crate (ID: diaria)
[24/05/2025 15:29:04] ItsSoulTime won Netherite Ingot (ID: netherite_ingot, Weight: 75.0) from Diaria Crate (ID: diaria)
[24/05/2025 15:29:24] ItsSoulTime won Netherite Ingot (ID: netherite_ingot, Weight: 75.0) from Diaria Crate (ID: diaria)
[24/05/2025 15:29:42] ItsSoulTime won Wind Charge (ID: wind_charge, Weight: 80.0) from Diaria Crate (ID: diaria)
[24/05/2025 15:30:02] ItsSoulTime won Golden Apple (ID: golden_apple, Weight: 90.0) from Diaria Crate (ID: diaria)
[24/05/2025 15:30:22] ItsSoulTime won Jacket Potato (ID: jacket_potato, Weight: 90.0) from Diaria Crate (ID: diaria)
[27/05/2025 00:14:13] ItsSoulTime won Totem of Undying (ID: totem_of_undying, Weight: 77.0) from Diaria Crate (ID: diaria)
[27/05/2025 00:24:11] ItsSoulTime won Firework Rocket (ID: firework_rocket, Weight: 50.0) from Diaria Crate (ID: diaria)
[27/05/2025 00:25:26] ItsSoulTime won Firework Rocket (ID: firework_rocket, Weight: 50.0) from Diaria Crate (ID: diaria)
[27/05/2025 00:26:02] ItsSoulTime won Wind Charge (ID: wind_charge, Weight: 80.0) from Diaria Crate (ID: diaria)
[27/05/2025 00:27:30] ItsSoulTime won Diamond (ID: diamond, Weight: 90.0) from Diaria Crate (ID: diaria)
[27/05/2025 00:33:29] ItsSoulTime won Totem of Undying (ID: totem_of_undying, Weight: 77.0) from Diaria Crate (ID: diaria)
[27/05/2025 00:52:17] ItsSoulTime won Ominous Bottle (ID: ominous_bottle, Weight: 85.0) from Diaria Crate (ID: diaria)
[27/05/2025 00:53:53] ItsSoulTime won Emerald (ID: emerald, Weight: 97.0) from Diaria Crate (ID: diaria)
[31/05/2025 15:07:34] ItsSoulTime won Iron Ingot (ID: iron_ingot, Weight: 100.0) from Diaria Crate (ID: diaria)
[31/05/2025 15:14:39] ItsSoulTime won Netherite Scrap (ID: netherite_scrap, Weight: 35.0) from Semanal Crate (ID: semanal_crate)
[31/05/2025 15:15:38] ItsSoulTime won Netherite Ingot (ID: netherite_ingot, Weight: 29.0) from Semanal Crate (ID: semanal_crate)
[31/05/2025 15:19:57] ItsSoulTime won Emerald (ID: emerald, Weight: 60.0) from Semanal Crate (ID: semanal_crate)
[31/05/2025 15:20:16] ItsSoulTime won Firework Rocket (ID: firework_rocket, Weight: 50.0) from Diaria Crate (ID: diaria)
[31/05/2025 15:26:17] ItsSoulTime won Diamond (ID: diamond, Weight: 90.0) from Diaria Crate (ID: diaria)
[31/05/2025 15:26:36] ItsSoulTime won Emerald (ID: emerald, Weight: 60.0) from Semanal Crate (ID: semanal_crate)
[31/05/2025 15:35:18] ItsSoulTime won Gold Ingot (ID: gold_ingot, Weight: 98.0) from Diaria Crate (ID: diaria)
[31/05/2025 15:35:36] ItsSoulTime won Netherite Ingot (ID: netherite_ingot, Weight: 29.0) from Semanal Crate (ID: semanal_crate)
[31/05/2025 15:36:48] ItsSoulTime won Elytra (ID: elytra, Weight: 20.0) from Diaria Crate (ID: diaria)
[31/05/2025 15:37:07] ItsSoulTime won Netherite Scrap (ID: netherite_scrap, Weight: 35.0) from Semanal Crate (ID: semanal_crate)
[31/05/2025 17:04:24] ItsSoulTime won Ominous Bottle (ID: ominous_bottle_1, Weight: 84.0) from Diaria Crate (ID: diaria)
[31/05/2025 17:04:43] ItsSoulTime won Gold Ingot (ID: gold_ingot, Weight: 67.0) from Semanal Crate (ID: semanal_crate)
[01/06/2025 20:09:02] ItsSoulTime won Diamond (ID: diamond, Weight: 90.0) from Diaria Crate (ID: diaria)
[01/06/2025 20:09:22] ItsSoulTime won Shield (ID: shield, Weight: 61.0) from Semanal Crate (ID: semanal_crate)
[12/06/2025 18:31:31] ItsSoulTime won Potato (ID: potato, Weight: 90.0) from Diaria Crate (ID: diaria)
[12/06/2025 18:31:48] ItsSoulTime won Golden Carrot (ID: golden_carrot, Weight: 55.0) from Semanal Crate (ID: semanal_crate)
[12/06/2025 19:39:21] ItsSoulTime won Molten Sword (ID: molten_sword, Weight: 10.0) from Rara Crate (ID: rara)
[12/06/2025 19:50:22] ItsSoulTime won Espada Moldeable (ID: espada_moldeable, Weight: 10.0) from Rara Crate (ID: rara)
[12/06/2025 19:52:17] ItsSoulTime won Fragmento de cristal extraño (ID: fragmento_de_cristal_extrao, Weight: 10.0) from Rara Crate (ID: rara)
[12/06/2025 19:52:52] ItsSoulTime won Diamond Axe (ID: diamond_axe, Weight: 10.0) from Rara Crate (ID: rara)
[12/06/2025 19:53:09] ItsSoulTime won Dark Blade (ID: dark_blade, Weight: 10.0) from Rara Crate (ID: rara)
[12/06/2025 20:08:31] ItsSoulTime won Mystical Spellblade (ID: mystical_spellblade, Weight: 75.0) from Rara Crate (ID: rara)
[12/06/2025 20:08:49] ItsSoulTime won Enchanted Golden Apple (ID: enchanted_golden_apple, Weight: 100.0) from Rara Crate (ID: rara)
[12/06/2025 20:09:07] ItsSoulTime won Epic Sword (ID: epic_sword, Weight: 80.0) from Rara Crate (ID: rara)
[12/06/2025 20:09:25] ItsSoulTime won Peto Raro (ID: peto_raro, Weight: 72.0) from Rara Crate (ID: rara)
[12/06/2025 20:09:43] ItsSoulTime won Casco Raro (ID: casco_raro, Weight: 72.0) from Rara Crate (ID: rara)
[12/06/2025 20:10:01] ItsSoulTime won Mystical Spellblade (ID: mystical_spellblade, Weight: 75.0) from Rara Crate (ID: rara)
[12/06/2025 20:10:26] ItsSoulTime won Botas Raras (ID: botas_raras, Weight: 72.0) from Rara Crate (ID: rara)
[12/06/2025 20:10:44] ItsSoulTime won Diamond Axe (ID: diamond_axe, Weight: 90.0) from Rara Crate (ID: rara)
[12/06/2025 20:11:05] ItsSoulTime won Casco Raro (ID: casco_raro, Weight: 72.0) from Rara Crate (ID: rara)
[12/06/2025 20:11:23] ItsSoulTime won Diamond Axe (ID: diamond_axe, Weight: 90.0) from Rara Crate (ID: rara)
