[20:36:35] ItsSoulTime (9f68d785-ad11-3bab-bb36-393a7edbfffb): dsadwa
[20:44:33] ItsSoulTime (9f68d785-ad11-3bab-bb36-393a7edbfffb): dkmsad
[20:45:16] ItsSoulTime (9f68d785-ad11-3bab-bb36-393a7edbfffb): adas
[20:45:42] ItsSoulTime (9f68d785-ad11-3bab-bb36-393a7edbfffb): dsa
[20:45:58] ItsSoulTime (9f68d785-ad11-3bab-bb36-393a7edbfffb): dsadw
[20:46:06] ItsSoulTime (9f68d785-ad11-3bab-bb36-393a7edbfffb): dsa
[20:46:37] ItsSoulTime (9f68d785-ad11-3bab-bb36-393a7edbfffb): dsa
[20:47:00] ItsSoulTime (9f68d785-ad11-3bab-bb36-393a7edbfffb): dsa
[20:48:05] ItsSoulTime (9f68d785-ad11-3bab-bb36-393a7edbfffb): »
[20:48:36] ItsSoulTime (9f68d785-ad11-3bab-bb36-393a7edbfffb): dsa
[20:48:56] ItsSoulTime (9f68d785-ad11-3bab-bb36-393a7edbfffb): dsa
[20:49:03] ItsSoulTime (9f68d785-ad11-3bab-bb36-393a7edbfffb): dsads
[20:50:59] ItsSoulTime (9f68d785-ad11-3bab-bb36-393a7edbfffb): dsa
[20:51:56] ItsSoulTime (9f68d785-ad11-3bab-bb36-393a7edbfffb): dsa
[20:52:14] ItsSoulTime (9f68d785-ad11-3bab-bb36-393a7edbfffb): dsa
[20:52:14] ItsSoulTime (9f68d785-ad11-3bab-bb36-393a7edbfffb): dsa
[20:52:15] ItsSoulTime (9f68d785-ad11-3bab-bb36-393a7edbfffb): dsa
[20:52:15] ItsSoulTime (9f68d785-ad11-3bab-bb36-393a7edbfffb): dsa
[20:52:15] ItsSoulTime (9f68d785-ad11-3bab-bb36-393a7edbfffb): dsa
[20:53:53] ItsSoulTime (9f68d785-ad11-3bab-bb36-393a7edbfffb): dsawad
[20:55:45] ItsSoulTime (9f68d785-ad11-3bab-bb36-393a7edbfffb): cdas
[20:55:56] ItsSoulTime (9f68d785-ad11-3bab-bb36-393a7edbfffb): dsa
[20:56:14] ItsSoulTime (9f68d785-ad11-3bab-bb36-393a7edbfffb): dsad
[21:04:24] ItsSoulTime (9f68d785-ad11-3bab-bb36-393a7edbfffb): ➽
[21:23:46] ItsSoulTime (9f68d785-ad11-3bab-bb36-393a7edbfffb): §b§lGran Test
[21:23:51] ItsSoulTime (9f68d785-ad11-3bab-bb36-393a7edbfffb): §b§lGran Test
[21:23:52] ItsSoulTime (9f68d785-ad11-3bab-bb36-393a7edbfffb): §b§lGran Test
[21:23:53] ItsSoulTime (9f68d785-ad11-3bab-bb36-393a7edbfffb): §b§lGran Test
[21:23:53] ItsSoulTime (9f68d785-ad11-3bab-bb36-393a7edbfffb): §b§lGran Test
[21:35:09] ItsSoulTime (9f68d785-ad11-3bab-bb36-393a7edbfffb): dasnd
[21:35:58] ItsSoulTime (9f68d785-ad11-3bab-bb36-393a7edbfffb): dwad
[21:38:56] ItsSoulTime (9f68d785-ad11-3bab-bb36-393a7edbfffb): da
[21:45:33] ItsSoulTime (9f68d785-ad11-3bab-bb36-393a7edbfffb): dwa
[21:52:34] ItsSoulTime (9f68d785-ad11-3bab-bb36-393a7edbfffb): dwads
[21:52:46] ItsSoulTime (9f68d785-ad11-3bab-bb36-393a7edbfffb): dwa
[21:56:15] ItsSoulTime (9f68d785-ad11-3bab-bb36-393a7edbfffb): dwa
[21:56:22] ItsSoulTime (9f68d785-ad11-3bab-bb36-393a7edbfffb): §9§ldwa
[22:14:58] ItsSoulTime (9f68d785-ad11-3bab-bb36-393a7edbfffb): pro el que lee
[22:15:19] ItsSoulTime (9f68d785-ad11-3bab-bb36-393a7edbfffb): pro el que lee
[23:08:08] ItsSoulTime (9f68d785-ad11-3bab-bb36-393a7edbfffb): 75%
