[17:38:16] [ServerMain/INFO]: [bootstrap] Running Java 21 (OpenJDK 64-Bit Server VM 21.0.7+6-Ubuntu-0ubuntu120.04; Ubuntu null) on Linux 6.8.0-1027-azure (amd64)
[17:38:16] [ServerMain/INFO]: [bootstrap] Loading Paper 1.21.3-63-master@4190ee7 (2024-11-25T18:59:19Z) for Minecraft 1.21.3
[17:38:16] [ServerMain/INFO]: [PluginInitializerManager] Initializing plugins...
[17:38:17] [ServerMain/ERROR]: [DirectoryProviderSource] Error preparing plugin context: Directory 'plugins/OptiFine_1.21.1_HD_U_J1.jar' failed to update!
java.lang.RuntimeException: Directory 'plugins/OptiFine_1.21.1_HD_U_J1.jar' failed to update!
	at io.papermc.paper.plugin.provider.source.FileProviderSource.prepareContext(FileProviderSource.java:62) ~[paper-1.21.3.jar:1.21.3-63-4190ee7]
	at io.papermc.paper.plugin.provider.source.DirectoryProviderSource.lambda$prepareContext$1(DirectoryProviderSource.java:33) ~[paper-1.21.3.jar:1.21.3-63-4190ee7]
	at java.base/java.util.stream.ForEachOps$ForEachOp$OfRef.accept(ForEachOps.java:184) ~[?:?]
	at java.base/java.util.stream.ReferencePipeline$2$1.accept(ReferencePipeline.java:179) ~[?:?]
	at java.base/java.util.stream.ReferencePipeline$3$1.accept(ReferencePipeline.java:197) ~[?:?]
	at java.base/java.util.Iterator.forEachRemaining(Iterator.java:133) ~[?:?]
	at java.base/java.util.Spliterators$IteratorSpliterator.forEachRemaining(Spliterators.java:1939) ~[?:?]
	at java.base/java.util.stream.AbstractPipeline.copyInto(AbstractPipeline.java:509) ~[?:?]
	at java.base/java.util.stream.AbstractPipeline.wrapAndCopyInto(AbstractPipeline.java:499) ~[?:?]
	at java.base/java.util.stream.ForEachOps$ForEachOp.evaluateSequential(ForEachOps.java:151) ~[?:?]
	at java.base/java.util.stream.ForEachOps$ForEachOp$OfRef.evaluateSequential(ForEachOps.java:174) ~[?:?]
	at java.base/java.util.stream.AbstractPipeline.evaluate(AbstractPipeline.java:234) ~[?:?]
	at java.base/java.util.stream.ReferencePipeline.forEach(ReferencePipeline.java:596) ~[?:?]
	at io.papermc.paper.plugin.provider.source.DirectoryProviderSource.walkFiles(DirectoryProviderSource.java:64) ~[paper-1.21.3.jar:1.21.3-63-4190ee7]
	at io.papermc.paper.plugin.provider.source.DirectoryProviderSource.prepareContext(DirectoryProviderSource.java:31) ~[paper-1.21.3.jar:1.21.3-63-4190ee7]
	at io.papermc.paper.plugin.provider.source.DirectoryProviderSource.prepareContext(DirectoryProviderSource.java:17) ~[paper-1.21.3.jar:1.21.3-63-4190ee7]
	at io.papermc.paper.plugin.util.EntrypointUtil.registerProvidersFromSource(EntrypointUtil.java:14) ~[paper-1.21.3.jar:1.21.3-63-4190ee7]
	at io.papermc.paper.plugin.PluginInitializerManager.load(PluginInitializerManager.java:113) ~[paper-1.21.3.jar:1.21.3-63-4190ee7]
	at net.minecraft.server.Main.main(Main.java:123) ~[paper-1.21.3.jar:1.21.3-63-4190ee7]
	at io.papermc.paper.PaperBootstrap.boot(PaperBootstrap.java:21) ~[paper-1.21.3.jar:1.21.3-63-4190ee7]
	at org.bukkit.craftbukkit.Main.main(Main.java:281) ~[paper-1.21.3.jar:1.21.3-63-4190ee7]
	at io.papermc.paperclip.Paperclip.lambda$main$0(Paperclip.java:42) ~[app:?]
	at java.base/java.lang.Thread.run(Thread.java:1583) ~[?:?]
Caused by: org.bukkit.plugin.InvalidPluginException: java.lang.IllegalArgumentException: plugins/OptiFine_1.21.1_HD_U_J1.jar does not contain a paper-plugin.yml or plugin.yml! Could not determine plugin type, cannot load a plugin from it!
	at io.papermc.paper.plugin.provider.source.FileProviderSource.checkUpdate(FileProviderSource.java:131) ~[paper-1.21.3.jar:1.21.3-63-4190ee7]
	at io.papermc.paper.plugin.provider.source.FileProviderSource.prepareContext(FileProviderSource.java:60) ~[paper-1.21.3.jar:1.21.3-63-4190ee7]
	... 22 more
Caused by: java.lang.IllegalArgumentException: plugins/OptiFine_1.21.1_HD_U_J1.jar does not contain a paper-plugin.yml or plugin.yml! Could not determine plugin type, cannot load a plugin from it!
	at io.papermc.paper.plugin.provider.source.FileProviderSource.getPluginName(FileProviderSource.java:140) ~[paper-1.21.3.jar:1.21.3-63-4190ee7]
	at io.papermc.paper.plugin.provider.source.FileProviderSource.checkUpdate(FileProviderSource.java:112) ~[paper-1.21.3.jar:1.21.3-63-4190ee7]
	at io.papermc.paper.plugin.provider.source.FileProviderSource.prepareContext(FileProviderSource.java:60) ~[paper-1.21.3.jar:1.21.3-63-4190ee7]
	... 22 more
[17:38:18] [ServerMain/INFO]: [PluginInitializerManager] Initialized 41 plugins
[17:38:18] [ServerMain/INFO]: [PluginInitializerManager] Paper plugins (2):
 - EconomyShopGUI (6.12.2), nightcore (2.7.5.2)
[17:38:18] [ServerMain/INFO]: [PluginInitializerManager] Bukkit plugins (39):
 - AntiPopup (11), AuraSkills (2.3.3), AxRewards (3.4.3), BetterRTP (3.6.13), CMILib (1.5.4.3), Chatty (2.19.14), CommandPanels (3.22.5), EasyCommandBlocker (1.13.1), EconomyBridge (1.2.0), Essentials (2.21.0), ExcellentCrates (6.2.0), ExcellentEnchants (4.3.3), Geyser-Spigot (2.7.1-SNAPSHOT), ItemEdit (3.7.0), Jobs (5.2.6.0), LevelledMobs (4.3.1.1 b114), LuckPerms (5.4.164), Multiverse-Core (4.3.16), PlaceholderAPI (2.11.6), ProtocolLib (5.3.0), ServersNPC (5.1), Shopkeepers (2.23.5), SimpleTpa (7.6), SkinsRestorer (15.6.5), SmoothTimber (1.27.5), SternalBoard (2.3.2), TAB (5.2.1), TerraformGenerator (19.1.1), UltraSetHome (1.7.9), Vault (1.7.3-b131), ViaBackwards (5.3.3-SNAPSHOT), ViaRewind (4.0.7), ViaVersion (5.3.2), WorldEdit (7.3.12+7126-e57b6b6), WorldGuard (7.0.13-beta-1+2f13ae0), floodgate (2.2.4-SNAPSHOT (b116-0e3163c)), nLogin (10.4.22), packetevents (2.8.1+023a0da61-SNAPSHOT), sleep-most (5.6.0)
[17:38:22] [ServerMain/WARN]: resource-pack-id missing, using default of 159c73ed-04e2-3cad-81dd-576e5f77128a
[17:38:22] [ServerMain/INFO]: Environment: Environment[sessionHost=https://sessionserver.mojang.com, servicesHost=https://api.minecraftservices.com, name=PROD]
[17:38:22] [ServerMain/ERROR]: Failed to start the minecraft server
net.minecraft.util.DirectoryLock$LockException: /workspaces/UltraLandRe/servidor_minecraft/./world/session.lock: already locked (possibly by other Minecraft instance?)
	at net.minecraft.util.DirectoryLock$LockException.alreadyLocked(DirectoryLock.java:100) ~[paper-1.21.3.jar:1.21.3-63-4190ee7]
	at net.minecraft.util.DirectoryLock.create(DirectoryLock.java:30) ~[paper-1.21.3.jar:1.21.3-63-4190ee7]
	at net.minecraft.world.level.storage.LevelStorageSource$LevelStorageAccess.<init>(LevelStorageSource.java:522) ~[paper-1.21.3.jar:1.21.3-63-4190ee7]
	at net.minecraft.world.level.storage.LevelStorageSource.validateAndCreateAccess(LevelStorageSource.java:428) ~[paper-1.21.3.jar:1.21.3-63-4190ee7]
	at net.minecraft.server.Main.main(Main.java:198) ~[paper-1.21.3.jar:1.21.3-63-4190ee7]
	at io.papermc.paper.PaperBootstrap.boot(PaperBootstrap.java:21) ~[paper-1.21.3.jar:1.21.3-63-4190ee7]
	at org.bukkit.craftbukkit.Main.main(Main.java:281) ~[paper-1.21.3.jar:1.21.3-63-4190ee7]
	at io.papermc.paperclip.Paperclip.lambda$main$0(Paperclip.java:42) ~[app:?]
	at java.base/java.lang.Thread.run(Thread.java:1583) ~[?:?]
